Log file open, 11/25/18 19:30:44
LogWindows: Failed to load 'aqProf.dll' (GetLastError=126)
LogWindows: File 'aqProf.dll' does not exist
LogWindows: Failed to load 'VSPerf140.dll' (GetLastError=126)
LogWindows: File 'VSPerf140.dll' does not exist
LogWindows: Failed to load 'VtuneApi.dll' (GetLastError=126)
LogWindows: File 'VtuneApi.dll' does not exist
LogWindows: Failed to load 'VtuneApi32e.dll' (GetLastError=126)
LogWindows: File 'VtuneApi32e.dll' does not exist
LogInit: Display: Running engine for game: VerticalUnicorn_Tut
LogPlatformFile: Not using cached read wrapper
LogInit: Display: RandInit(1394019840) SRandInit(1394019840).
LogTaskGraph: Started task graph with 5 named threads and 14 total threads with 3 sets of task threads.
LogStats: Stats thread started at 0.281939
LogD3D11RHI: Aftermath initialized
LogPluginManager: Mounting plugin Paper2D
LogPluginManager: Mounting plugin LightPropagationVolume
LogPluginManager: Mounting plugin CodeLiteSourceCodeAccess
LogPluginManager: Mounting plugin GitSourceControl
LogPluginManager: Mounting plugin KDevelopSourceCodeAccess
LogPluginManager: Mounting plugin NullSourceCodeAccess
LogPluginManager: Mounting plugin PerforceSourceControl
LogPluginManager: Mounting plugin SubversionSourceControl
LogPluginManager: Mounting plugin UObjectPlugin
LogPluginManager: Mounting plugin VisualStudioSourceCodeAccess
LogPluginManager: Mounting plugin XCodeSourceCodeAccess
LogPluginManager: Mounting plugin AssetManagerEditor
LogPluginManager: Mounting plugin AudioCapture
LogPluginManager: Mounting plugin FacialAnimation
LogPluginManager: Mounting plugin GameplayTagsEditor
LogPluginManager: Mounting plugin MobileLauncherProfileWizard
LogPluginManager: Mounting plugin PluginBrowser
LogPluginManager: Mounting plugin SpeedTreeImporter
LogPluginManager: Mounting plugin AlembicImporter
LogPluginManager: Mounting plugin CharacterAI
LogPluginManager: Mounting plugin HTML5Networking
LogPluginManager: Mounting plugin AndroidMedia
LogPluginManager: Mounting plugin AvfMedia
LogPluginManager: Mounting plugin MediaPlayerEditor
LogPluginManager: Mounting plugin WmfMedia
LogPluginManager: Mounting plugin TcpMessaging
LogPluginManager: Mounting plugin UdpMessaging
LogPluginManager: Mounting plugin LevelSequenceEditor
LogPluginManager: Mounting plugin MatineeToLevelSequence
LogPluginManager: Mounting plugin OnlineSubsystemGooglePlay
LogPluginManager: Mounting plugin OnlineSubsystemIOS
LogPluginManager: Mounting plugin OnlineSubsystem
LogPluginManager: Mounting plugin OnlineSubsystemNull
LogPluginManager: Mounting plugin OnlineSubsystemUtils
LogPluginManager: Mounting plugin AndroidDeviceProfileSelector
LogPluginManager: Mounting plugin AndroidMoviePlayer
LogPluginManager: Mounting plugin AndroidPermission
LogPluginManager: Mounting plugin AppleMoviePlayer
LogPluginManager: Mounting plugin ArchVisCharacter
LogPluginManager: Mounting plugin CableComponent
LogPluginManager: Mounting plugin CustomMeshComponent
LogPluginManager: Mounting plugin ExampleDeviceProfileSelector
LogPluginManager: Mounting plugin GoogleCloudMessaging
LogPluginManager: Mounting plugin ImmediatePhysics
LogPluginManager: Mounting plugin IOSDeviceProfileSelector
LogPluginManager: Mounting plugin LinuxDeviceProfileSelector
LogPluginManager: Mounting plugin LocationServicesBPLibrary
LogPluginManager: Mounting plugin MobilePatchingUtils
LogPluginManager: Mounting plugin OculusVR
LogPluginManager: Mounting plugin PhysXVehicles
LogPluginManager: Mounting plugin ProceduralMeshComponent
LogPluginManager: Mounting plugin RuntimePhysXCooking
LogPluginManager: Mounting plugin SteamVR
LogPluginManager: Mounting plugin WindowsMoviePlayer
LogInit: Using libcurl 7.47.1
LogInit:  - built for x86_64-pc-win32
LogInit:  - supports SSL with OpenSSL/1.0.2g
LogInit:  - supports HTTP deflate (compression) using libz 1.2.8
LogInit:  - other features:
LogInit:      CURL_VERSION_SSL
LogInit:      CURL_VERSION_LIBZ
LogInit:      CURL_VERSION_IPV6
LogInit:      CURL_VERSION_ASYNCHDNS
LogInit:      CURL_VERSION_LARGEFILE
LogInit:      CURL_VERSION_IDN
LogInit:  CurlRequestOptions (configurable via config and command line):
LogInit:  - bVerifyPeer = false  - Libcurl will NOT verify peer certificate
LogInit:  - bUseHttpProxy = false  - Libcurl will NOT use HTTP proxy
LogInit:  - bDontReuseConnections = false  - Libcurl will reuse connections
LogInit:  - CertBundlePath = nullptr  - Libcurl will use whatever was configured at build time.
LogInit: Build: ++UE4+Release-4.17-CL-3658906
LogInit: Engine Version: 4.17.2-3658906+++UE4+Release-4.17
LogInit: Compatible Engine Version: 4.17.0-3573198+++UE4+Release-4.17
LogInit: Net CL: 3573198
LogDevObjectVersion: Number of dev versions registered: 16
LogDevObjectVersion:   Dev-Blueprints (B0D832E4-1F89-4F0D-ACCF-7EB736FD4AA2): 10
LogDevObjectVersion:   Dev-Build (E1C64328-A22C-4D53-A36C-8E866417BD8C): 0
LogDevObjectVersion:   Dev-Core (375EC13C-06E4-48FB-B500-84F0262A717E): 2
LogDevObjectVersion:   Dev-Editor (E4B068ED-F494-42E9-A231-DA0B2E46BB41): 20
LogDevObjectVersion:   Dev-Framework (CFFC743F-43B0-4480-9391-14DF171D2073): 28
LogDevObjectVersion:   Dev-Mobile (B02B49B5-BB20-44E9-A304-32B752E40360): 0
LogDevObjectVersion:   Dev-Networking (A4E4105C-59A1-49B5-A7C5-40C4547EDFEE): 0
LogDevObjectVersion:   Dev-Online (39C831C9-5AE6-47DC-9A44-9C173E1C8E7C): 0
LogDevObjectVersion:   Dev-Physics (78F01B33-EBEA-4F98-B9B4-84EACCB95AA2): 0
LogDevObjectVersion:   Dev-Platform (6631380F-2D4D-43E0-8009-CF276956A95A): 0
LogDevObjectVersion:   Dev-Rendering (12F88B9F-8875-4AFC-A67C-D90C383ABD29): 19
LogDevObjectVersion:   Dev-Sequencer (7B5AE74C-D270-4C10-A958-57980B212A5A): 4
LogDevObjectVersion:   Dev-VR (D7296918-1DD6-4BDD-9DE2-64A83CC13884): 0
LogDevObjectVersion:   Dev-LoadTimes (C2A15278-BFE7-4AFE-6C17-90FF531DF755): 1
LogDevObjectVersion:   Private-Geometry (6EACA3D4-40EC-4CC1-B786-8BED09428FC5): 1
LogDevObjectVersion:   Dev-AnimPhys (29E575DD-E0A3-4627-9D10-D276232CDCEA): 7
LogInit: Compiled (64-bit): Sep 22 2017 13:47:16
LogInit: Compiled with Visual C++: 19.00.24215.01
LogInit: Build Configuration: Development
LogInit: Branch Name: ++UE4+Release-4.17
LogInit: Command line: -EpicPortal  -epicusername="litoles" -epicuserid=3d1127f9263e4681b15aefdaf45e9115 -epiclocale=en-US
LogInit: Base directory: C:/Program Files/Epic Games/UE_4.17/Engine/Binaries/Win64/
LogInit: Installed Engine Build: 1
LogInit: Presizing for max 8388607 objects, including 0 objects not considered by GC, pre-allocating 0 bytes for permanent pool.
LogInit: Object subsystem initialized
[2018.11.26-01.30.45:571][  0]LogInit: Selected Device Profile: [Windows]
[2018.11.26-01.30.45:572][  0]LogInit: Applying CVar settings loaded from the selected device profile: [Windows]
[2018.11.26-01.30.45:645][  0]LogInit: Computer: DESKTOP-LRKUSEJ
[2018.11.26-01.30.45:645][  0]LogInit: User: samue
[2018.11.26-01.30.45:645][  0]LogInit: CPU Page size=4096, Cores=4
[2018.11.26-01.30.45:645][  0]LogInit: High frequency timer resolution =2.437503 MHz
[2018.11.26-01.30.45:654][  0]LogMemory: Memory total: Physical=7.9GB (8GB approx)
[2018.11.26-01.30.45:655][  0]LogMemory: Platform Memory Stats for Windows
[2018.11.26-01.30.45:655][  0]LogMemory: Process Physical Memory: 277.66 MB used, 277.66 MB peak
[2018.11.26-01.30.45:655][  0]LogMemory: Process Virtual Memory: 274.28 MB used, 274.28 MB peak
[2018.11.26-01.30.45:655][  0]LogMemory: Physical Memory: 6036.51 MB used,  2021.95 MB free, 8058.46 MB total
[2018.11.26-01.30.45:655][  0]LogMemory: Virtual Memory: 4803.73 MB used,  2021.95 MB free, 134217728.00 MB total
[2018.11.26-01.30.46:661][  0]LogInit: Using OS detected language (en-US).
[2018.11.26-01.30.46:661][  0]LogInit: Using OS detected locale (en-US).
[2018.11.26-01.30.46:674][  0]LogTextLocalizationManager: No specific localization for 'en-US' exists, so the 'en' localization will be used.
[2018.11.26-01.30.48:805][  0]LogD3D11RHI: D3D11 adapters:
[2018.11.26-01.30.49:002][  0]LogD3D11RHI:    0. 'NVIDIA GeForce GTX 1050 Ti' (Feature Level 11_0)
[2018.11.26-01.30.49:002][  0]LogD3D11RHI:       4018/0/4029 MB DedicatedVideo/DedicatedSystem/SharedSystem, Outputs:1, VendorId:0x10de
[2018.11.26-01.30.49:024][  0]LogD3D11RHI:    1. 'Intel(R) HD Graphics 630' (Feature Level 11_0)
[2018.11.26-01.30.49:024][  0]LogD3D11RHI:       128/0/4029 MB DedicatedVideo/DedicatedSystem/SharedSystem, Outputs:0, VendorId:0x8086
[2018.11.26-01.30.49:031][  0]LogD3D11RHI:    2. 'Microsoft Basic Render Driver' (Feature Level 11_0)
[2018.11.26-01.30.49:031][  0]LogD3D11RHI:       0/0/4029 MB DedicatedVideo/DedicatedSystem/SharedSystem, Outputs:0, VendorId:0x1414
[2018.11.26-01.30.49:031][  0]LogD3D11RHI: Chosen D3D11 Adapter: 0
[2018.11.26-01.30.49:077][  0]LogD3D11RHI: Creating new Direct3DDevice
[2018.11.26-01.30.49:078][  0]LogD3D11RHI:     GPU DeviceId: 0x1c8c (for the marketing name, search the web for "GPU Device Id")
[2018.11.26-01.30.49:078][  0]LogWindows: EnumDisplayDevices:
[2018.11.26-01.30.49:078][  0]LogWindows:    0. 'Intel(R) HD Graphics 630' (P:1 D:1)
[2018.11.26-01.30.49:078][  0]LogWindows:    1. 'Intel(R) HD Graphics 630' (P:0 D:0)
[2018.11.26-01.30.49:078][  0]LogWindows:    2. 'Intel(R) HD Graphics 630' (P:0 D:0)
[2018.11.26-01.30.49:078][  0]LogWindows:    3. 'NVIDIA GeForce GTX 1050 Ti' (P:0 D:0)
[2018.11.26-01.30.49:079][  0]LogWindows: DebugString: GetVideoDriverDetailsInvalid PrimaryIsNotTheChoosenAdapter GetVideoDriverDetailsInvalid PrimaryIsNotTheChoosenAdapter GetVideoDriverDetailsInvalid PrimaryIsNotTheChoosenAdapter GetVideoDriverDetailsInvalid PrimaryIsNotTheChoosenAdapter FoundDriverCount:0 
[2018.11.26-01.30.49:079][  0]LogD3D11RHI:     Adapter Name: NVIDIA GeForce GTX 1050 Ti
[2018.11.26-01.30.49:079][  0]LogD3D11RHI:   Driver Version: Unknown (internal:Unknown, unified:Unknown)
[2018.11.26-01.30.49:079][  0]LogD3D11RHI:      Driver Date: Unknown
[2018.11.26-01.30.49:079][  0]LogRHI: Texture pool is 1361 MB (70% of 1945 MB)
[2018.11.26-01.30.49:209][  0]LogD3D11RHI: Async texture creation enabled
[2018.11.26-01.30.49:259][  0]LogD3D11RHI: GPU Timing Frequency: 1000.000000 (Debug: 2 2)
[2018.11.26-01.30.49:263][  0]LogShaderCompilers: Guid format shader working directory is -30 characters bigger than the processId version (../../../../../../Users/samue/Documents/Unreal Projects/VerticalUnicorn_Tut/Intermediate/Shaders/WorkingDirectory/19912/).
[2018.11.26-01.30.49:263][  0]LogShaderCompilers: Cleaned the shader compiler working directory 'C:/Users/samue/AppData/Local/Temp/UnrealShaderWorkingDir/6CB1E4F94587E993084167BE92711237/'.
[2018.11.26-01.30.49:263][  0]LogShaderCompilers: Display: Using Local Shader Compiler.
[2018.11.26-01.30.50:762][  0]LogTemp: Display: Loaded TP AllDesktopTargetPlatform
[2018.11.26-01.30.50:858][  0]LogTemp: Display: Loaded TP MacClientTargetPlatform
[2018.11.26-01.30.50:953][  0]LogTemp: Display: Loaded TP MacNoEditorTargetPlatform
[2018.11.26-01.30.51:041][  0]LogTemp: Display: Loaded TP MacServerTargetPlatform
[2018.11.26-01.30.51:138][  0]LogTemp: Display: Loaded TP MacTargetPlatform
[2018.11.26-01.30.51:227][  0]LogTemp: Display: Loaded TP WindowsClientTargetPlatform
[2018.11.26-01.30.51:318][  0]LogTemp: Display: Loaded TP WindowsNoEditorTargetPlatform
[2018.11.26-01.30.51:406][  0]LogTemp: Display: Loaded TP WindowsServerTargetPlatform
[2018.11.26-01.30.51:488][  0]LogTemp: Display: Loaded TP WindowsTargetPlatform
[2018.11.26-01.30.51:575][  0]LogTemp: Display: Loaded TP AndroidTargetPlatform
[2018.11.26-01.30.51:661][  0]LogTemp: Display: Loaded TP Android_ASTCTargetPlatform
[2018.11.26-01.30.51:756][  0]LogTemp: Display: Loaded TP Android_ATCTargetPlatform
[2018.11.26-01.30.51:844][  0]LogTemp: Display: Loaded TP Android_DXTTargetPlatform
[2018.11.26-01.30.51:927][  0]LogTemp: Display: Loaded TP Android_ETC1TargetPlatform
[2018.11.26-01.30.52:014][  0]LogTemp: Display: Loaded TP Android_ETC2TargetPlatform
[2018.11.26-01.30.52:194][  0]LogTemp: Display: Loaded TP Android_MultiTargetPlatform
[2018.11.26-01.30.52:194][  0]LogTemp: Display: Loaded TP Android_PVRTCTargetPlatform
[2018.11.26-01.30.52:273][  0]LogTemp: Display: Loaded TP HTML5TargetPlatform
[2018.11.26-01.30.52:418][  0]LogTemp: Display: Loaded TP IOSTargetPlatform
[2018.11.26-01.30.52:469][  0]LogTemp: Display: Loaded TP TVOSTargetPlatform
[2018.11.26-01.30.52:555][  0]LogTemp: Display: Loaded TP LinuxClientTargetPlatform
[2018.11.26-01.30.52:644][  0]LogTemp: Display: Loaded TP LinuxNoEditorTargetPlatform
[2018.11.26-01.30.52:734][  0]LogTemp: Display: Loaded TP LinuxServerTargetPlatform
[2018.11.26-01.30.52:823][  0]LogTemp: Display: Loaded TP LinuxTargetPlatform
[2018.11.26-01.30.52:823][  0]LogTargetPlatformManager: Display: Building Assets For Windows
[2018.11.26-01.30.53:915][  0]LogDerivedDataCache: Display: Max Cache Size: 512 MB
[2018.11.26-01.30.54:082][  0]LogDerivedDataCache: Loaded boot cache 0.17s 93MB C:/Users/samue/AppData/Local/UnrealEngine/4.17/DerivedDataCache/Boot.ddc.
[2018.11.26-01.30.54:082][  0]LogDerivedDataCache: Display: Loaded Boot cache: C:/Users/samue/AppData/Local/UnrealEngine/4.17/DerivedDataCache/Boot.ddc
[2018.11.26-01.30.54:082][  0]LogDerivedDataCache: FDerivedDataBackendGraph:  Pak pak cache file ../../../../../../Users/samue/Documents/Unreal Projects/VerticalUnicorn_Tut/DerivedDataCache/DDC.ddp not found, will not use a pak cache.
[2018.11.26-01.30.54:082][  0]LogDerivedDataCache: Unable to find inner node Pak for hierarchical cache Hierarchy.
[2018.11.26-01.30.54:082][  0]LogDerivedDataCache: FDerivedDataBackendGraph:  CompressedPak pak cache file ../../../../../../Users/samue/Documents/Unreal Projects/VerticalUnicorn_Tut/DerivedDataCache/Compressed.ddp not found, will not use a pak cache.
[2018.11.26-01.30.54:082][  0]LogDerivedDataCache: Unable to find inner node CompressedPak for hierarchical cache Hierarchy.
[2018.11.26-01.30.54:102][  0]LogDerivedDataCache: Display: Pak cache opened for reading ../../../Engine/DerivedDataCache/Compressed.ddp.
[2018.11.26-01.30.54:118][  0]LogDerivedDataCache: Using Local data cache path C:/Users/samue/AppData/Local/UnrealEngine/Common/DerivedDataCache: Writable
[2018.11.26-01.30.54:130][  0]LogMaterial: Verifying Global Shaders for PCD3D_SM5
[2018.11.26-01.30.54:131][  0]LogSlate: Using Freetype 2.6.0
[2018.11.26-01.30.54:131][  0]LogSlate: SlateFontCache - WITH_FREETYPE: 1, WITH_HARFBUZZ: 1
[2018.11.26-01.30.54:132][  0]LogSlate: SlateFontCache - WITH_FREETYPE: 1, WITH_HARFBUZZ: 1
[2018.11.26-01.30.54:560][  0]LogAssetRegistry: FAssetRegistry took 0.0298 seconds to start up
[2018.11.26-01.30.54:761][  0]LogInit: Selected Device Profile: [Windows]
[2018.11.26-01.30.55:075][  0]LogContentStreaming: Texture pool size is 0.00 MB
[2018.11.26-01.30.55:696][  0]LogSimplygon: Simplygon DLL not present - disabling.
[2018.11.26-01.30.55:790][  0]LogMeshReduction: Using SimplygonSwarm for distributed automatic mesh merging
[2018.11.26-01.30.55:790][  0]LogMeshReduction: Using QuadricMeshReduction for automatic static mesh reduction
[2018.11.26-01.30.55:790][  0]LogMeshReduction: No automatic skeletal mesh reduction module available
[2018.11.26-01.30.55:790][  0]LogMeshReduction: No automatic mesh merging module available
[2018.11.26-01.30.55:790][  0]LogMeshMerging: No automatic mesh merging module available
[2018.11.26-01.30.56:514][  0]LogNetVersion: VerticalUnicorn_Tut , NetCL: 3573198, EngineNetVer: 2, GameNetVer: 0 (Checksum: 4212981392)
[2018.11.26-01.30.56:924][  0]LogPackageLocalizationCache: Processed 5 localized package path(s) for 2 prioritized culture(s) in 0.068306 seconds
[2018.11.26-01.30.56:942][  0]LogUObjectArray: 35825 objects as part of root set at end of initial load.
[2018.11.26-01.30.56:942][  0]LogUObjectAllocator: 7529112 out of 0 bytes used by permanent object pool.
[2018.11.26-01.30.56:942][  0]LogUObjectArray: CloseDisregardForGC: 0/0 objects in disregard for GC pool
[2018.11.26-01.30.57:090][  0]LogInit: WinSock: version 1.1 (2.2), MaxSocks=32767, MaxUdp=65467
[2018.11.26-01.31.02:086][  0]LogTcpMessaging: Initializing TcpMessaging bridge
[2018.11.26-01.31.02:169][  0]LogUdpMessaging: Initializing bridge on interface 0.0.0.0:0 to multicast group 230.0.0.1:6666.
[2018.11.26-01.31.03:505][  0]LogMaterial: Uniform references updated for custom material expression Custom.
[2018.11.26-01.31.04:366][  0]SourceControl: Source control is disabled
[2018.11.26-01.31.04:366][  0]SourceControl: Source control is disabled
[2018.11.26-01.31.04:477][  0]SourceControl: Source control is disabled
[2018.11.26-01.31.04:582][  0]SourceControl: Source control is disabled
[2018.11.26-01.31.05:936][  0]LogAndroidPermission: UAndroidPermissionCallbackProxy::GetInstance
[2018.11.26-01.31.06:476][  0]LogOcInput: OculusInput pre-init called
[2018.11.26-01.31.07:016][  0]LogEngine: Initializing Engine...
[2018.11.26-01.31.07:019][  0]LogHMD: Failed to initialize OpenVR with code 110
[2018.11.26-01.31.07:414][  0]LogStats: UGameplayTagsManager::ConstructGameplayTagTree: Construct from data asset -  0.000 s
[2018.11.26-01.31.07:414][  0]LogStats: UGameplayTagsManager::ConstructGameplayTagTree: GameplayTagTreeChangedEvent.Broadcast -  0.000 s
[2018.11.26-01.31.07:712][  0]LogAIModule: Creating AISystem for world Untitled
[2018.11.26-01.31.07:720][  0]LogInit: XAudio2 using 'Speakers / Headphones (Realtek Audio)' : 2 channels at 48 kHz using 32 bits per sample (channel mask 0x3)
[2018.11.26-01.31.07:830][  0]LogInit: FAudioDevice initialized.
[2018.11.26-01.31.07:968][  0]LogDerivedDataCache: Saved boot cache 0.14s 93MB C:/Users/samue/AppData/Local/UnrealEngine/4.17/DerivedDataCache/Boot.ddc.
[2018.11.26-01.31.08:012][  0]LogInit: Texture streaming: Enabled
[2018.11.26-01.31.08:289][  0]LogEngineSessionManager: EngineSessionManager initialized
[2018.11.26-01.31.08:776][  0]LogInit: Transaction tracking system initialized
[2018.11.26-01.31.09:540][  0]BlueprintLog: New page: Editor Load
[2018.11.26-01.31.11:714][  0]LocalizationService: Localization service is disabled
[2018.11.26-01.31.13:193][  0]LogConsoleResponse: Display: 
[2018.11.26-01.31.13:549][  0]LogCook: Display: Max memory allowance for cook 16384mb min free memory 0mb
[2018.11.26-01.31.13:549][  0]LogCook: Display: Mobile HDR setting 1
[2018.11.26-01.31.13:549][  0]LogGameplayTags: Display: UGameplayTagsManager::DoneAddingNativeTags. DelegateIsBound: 0
[2018.11.26-01.31.14:192][  0]LogFileCache: Scanning file cache for directory 'C:/Users/samue/Documents/Unreal Projects/VerticalUnicorn_Tut/Content/' took 0.01s
[2018.11.26-01.31.15:947][  0]SourceControl: Source control is disabled
[2018.11.26-01.31.15:947][  0]Cmd: MAP LOAD FILE="../../../Engine/Content/Maps/Templates/Template_Default.umap" TEMPLATE=1 SHOWPROGRESS=1 FEATURELEVEL=3
[2018.11.26-01.31.15:953][  0]LightingResults: New page: Lighting Build
[2018.11.26-01.31.16:051][  0]MapCheck: New page: Map Check
[2018.11.26-01.31.16:051][  0]LightingResults: New page: Lighting Build
[2018.11.26-01.31.16:320][  0]LogAIModule: Creating AISystem for world Untitled_1
[2018.11.26-01.31.16:328][  0]LogEditorServer: Finished looking for orphan Actors (0.000 secs)
[2018.11.26-01.31.16:353][  0]Cmd: MAP CHECKDEP NOCLEARLOG
[2018.11.26-01.31.16:461][  0]MapCheck: Map check complete: 0 Error(s), 0 Warning(s), took 107.914ms to complete.
[2018.11.26-01.31.16:461][  0]LogFileHelpers: Loading map 'Template_Default' took 0.514
[2018.11.26-01.31.16:799][  0]LogCollectionManager: Loaded 0 collections in 0.004341 seconds
[2018.11.26-01.31.16:965][  0]LogFileCache: Scanning file cache for directory 'C:/Users/samue/Documents/Unreal Projects/VerticalUnicorn_Tut/Saved/Collections/' took 0.01s
[2018.11.26-01.31.16:965][  0]LogFileCache: Scanning file cache for directory 'C:/Users/samue/Documents/Unreal Projects/VerticalUnicorn_Tut/Content/Developers/samue/Collections/' took 0.01s
[2018.11.26-01.31.16:965][  0]LogFileCache: Scanning file cache for directory 'C:/Users/samue/Documents/Unreal Projects/VerticalUnicorn_Tut/Content/Collections/' took 0.01s
[2018.11.26-01.31.16:965][  0]LogCollectionManager: Rebuilt the GUID cache for 0 collections in 0.000002 seconds
[2018.11.26-01.31.16:982][  0]LogContentBrowser: Native class hierarchy populated in 0.0131 seconds. Added 2386 classes and 500 folders.
[2018.11.26-01.31.17:130][  0]LogContentBrowser: Native class hierarchy updated for 'WidgetCarousel' in 0.0011 seconds. Added 0 classes and 0 folders.
[2018.11.26-01.31.17:875][  0]LogContentBrowser: Native class hierarchy updated for 'AddContentDialog' in 0.0007 seconds. Added 0 classes and 0 folders.
[2018.11.26-01.31.17:988][  0]LogContentBrowser: Native class hierarchy updated for 'SceneOutliner' in 0.0011 seconds. Added 1 classes and 2 folders.
[2018.11.26-01.31.18:170][  0]LogSlate: Took 0.000725 seconds to synchronously load lazily loaded font '../../../Engine/Content/Slate/Fonts/Roboto-Regular.ttf' (155K)
[2018.11.26-01.31.18:176][  0]LogSlate: Took 0.000239 seconds to synchronously load lazily loaded font '../../../Engine/Content/Slate/Fonts/Roboto-Bold.ttf' (160K)
[2018.11.26-01.31.18:199][  0]LogSlate: Took 0.010430 seconds to synchronously load lazily loaded font '../../../Engine/Content/Editor/Slate/Fonts/FontAwesome.ttf' (139K)
[2018.11.26-01.31.18:401][  0]LogRenderer: Reallocating scene render targets to support 1208x576 Format 10 NumSamples 1 (Frame:1).
[2018.11.26-01.31.19:142][  0]LogContentBrowser: Native class hierarchy updated for 'HierarchicalLODOutliner' in 0.0017 seconds. Added 1 classes and 2 folders.
[2018.11.26-01.31.19:142][  0]LogLoad: (Engine Initialization) Total time: 37.14 seconds
[2018.11.26-01.31.19:142][  0]LogLoad: (Engine Initialization) Total Blueprint compile time: 0.00 seconds
[2018.11.26-01.31.19:143][  0]LogExternalProfiler: No external profilers were discovered.  External profiling features will not be available.
[2018.11.26-01.31.19:513][  0]LogContentStreaming: Texture pool size now 1000 MB
[2018.11.26-01.31.19:594][  0]LogSlate: Took 0.010022 seconds to synchronously load lazily loaded font '../../../Engine/Content/Slate/Fonts/Roboto-Light.ttf' (159K)
[2018.11.26-01.31.19:841][  1]LogAssetRegistry: Asset discovery search completed in 25.3050 seconds
[2018.11.26-01.31.19:843][  1]LogCollectionManager: Rebuilt the object cache for 0 collections in 0.000000 seconds (found 0 objects)
[2018.11.26-01.31.19:843][  1]LogCollectionManager: Fixed up redirectors for 0 collections in 0.000093 seconds (updated 0 objects)
[2018.11.26-01.32.03:400][207]SourceControl: On branch master
[2018.11.26-01.32.03:400][207]SourceControl: Your branch is up to date with 'origin/master'.
[2018.11.26-01.32.03:401][207]SourceControl: Changes not staged for commit:
[2018.11.26-01.32.03:401][207]SourceControl:   (use "git add <file>..." to update what will be committed)
[2018.11.26-01.32.03:401][207]SourceControl:   (use "git checkout -- <file>..." to discard changes in working directory)
[2018.11.26-01.32.03:401][207]SourceControl: 	modified:   Intermediate/CachedAssetRegistry.bin
[2018.11.26-01.32.03:401][207]SourceControl: 	modified:   Saved/Logs/VerticalUnicorn_Tut.log
[2018.11.26-01.32.03:401][207]SourceControl: Untracked files:
[2018.11.26-01.32.03:401][207]SourceControl:   (use "git add <file>..." to include in what will be committed)
[2018.11.26-01.32.03:401][207]SourceControl: 	Saved/Config/CrashReportClient/UE4CC-Windows-20BD988B4BC356F7E480B08063C23DE1/
[2018.11.26-01.32.03:401][207]SourceControl: 	Saved/Logs/VerticalUnicorn_Tut-backup-2018.11.25-19.30.44.log
[2018.11.26-01.32.03:401][207]SourceControl: no changes added to commit (use "git add" and/or "git commit -a")
[2018.11.26-01.33.43:230][921]LogSlate: Took 0.000289 seconds to synchronously load lazily loaded font '../../../Engine/Content/Slate/Fonts/Roboto-Light.ttf' (159K)
[2018.11.26-01.33.43:386][921]LogSavePackage: Save=20.57ms
[2018.11.26-01.33.43:386][921]LogSavePackage: Moving '../../../../../../Users/samue/Documents/Unreal Projects/VerticalUnicorn_Tut/Saved/seanisafag71FA215A489CB5A778680BB4FB26FC95.tmp' to '../../../../../../Users/samue/Documents/Unreal Projects/VerticalUnicorn_Tut/Content/2DSideScrollerBP/Test_folder_Sam/seanisafag.umap'
[2018.11.26-01.33.43:390][921]LogSavePackage: Display: Finished SavePackage ../../../../../../Users/samue/Documents/Unreal Projects/VerticalUnicorn_Tut/Content/2DSideScrollerBP/Test_folder_Sam/seanisafag.umap
[2018.11.26-01.33.43:583][921]LogFileHelpers: Saving map 'seanisafag' took 0.326
[2018.11.26-01.34.08:940][431]SourceControl: fatal: C:/Program Files/Epic Games/UE_4.17/Engine/Content/: 'C:/Program Files/Epic Games/UE_4.17/Engine/Content/' is outside repository
[2018.11.26-01.34.20:464][431]LogSourceControl: FGitCheckInWorker: commit successful
[2018.11.26-01.34.20:541][431]SourceControl: [master b6452f0] seanisstillafag
[2018.11.26-01.34.20:541][431]SourceControl:  1 file changed, 0 insertions(+), 0 deletions(-)
[2018.11.26-01.34.20:541][431]SourceControl:  create mode 100644 Content/2DSideScrollerBP/Test_folder_Sam/seanisafag.umap
[2018.11.26-01.34.20:548][431]SourceControl: Commited [master b6452f0] seanisstillafag.
